<?xml version="1.0" encoding="UTF-8"?>
<testng-results skipped="0" failed="0" ignored="0" total="3" passed="3">
  <reporter-output>
  </reporter-output>
  <suite name="Suite" duration-ms="9354" started-at="2022-12-07T03:20:53Z" finished-at="2022-12-07T03:21:02Z">
    <groups>
    </groups>
    <test name="test" duration-ms="4008" started-at="2022-12-07T03:20:53Z" finished-at="2022-12-07T03:20:57Z">
      <class name="org.test.Sample">
        <test-method status="PASS" signature="Test1(java.lang.String, java.lang.String)[pri:0, instance:org.test.Sample@71423665]" name="Test1" duration-ms="3979" started-at="2022-12-07T03:20:53Z" finished-at="2022-12-07T03:20:57Z">
          <params>
            <param index="0">
              <value>
                <![CDATA[tcs]]>
              </value>
            </param>
            <param index="1">
              <value>
                <![CDATA[welcome13]]>
              </value>
            </param>
          </params>
          <reporter-output>
          </reporter-output>
        </test-method> <!-- Test1 -->
      </class> <!-- org.test.Sample -->
    </test> <!-- test -->
    <test name="test1" duration-ms="2746" started-at="2022-12-07T03:20:57Z" finished-at="2022-12-07T03:21:00Z">
      <class name="org.test.Sample">
        <test-method status="PASS" signature="Test1(java.lang.String, java.lang.String)[pri:0, instance:org.test.Sample@4f970963]" name="Test1" duration-ms="2742" started-at="2022-12-07T03:20:57Z" finished-at="2022-12-07T03:21:00Z">
          <params>
            <param index="0">
              <value>
                <![CDATA[cts]]>
              </value>
            </param>
            <param index="1">
              <value>
                <![CDATA[welcome13]]>
              </value>
            </param>
          </params>
          <reporter-output>
          </reporter-output>
        </test-method> <!-- Test1 -->
      </class> <!-- org.test.Sample -->
    </test> <!-- test1 -->
    <test name="test2" duration-ms="2575" started-at="2022-12-07T03:21:00Z" finished-at="2022-12-07T03:21:02Z">
      <class name="org.test.Sample">
        <test-method status="PASS" signature="Test1(java.lang.String, java.lang.String)[pri:0, instance:org.test.Sample@5bc79255]" name="Test1" duration-ms="2571" started-at="2022-12-07T03:21:00Z" finished-at="2022-12-07T03:21:02Z">
          <params>
            <param index="0">
              <value>
                <![CDATA[version]]>
              </value>
            </param>
            <param index="1">
              <value>
                <![CDATA[welcome13]]>
              </value>
            </param>
          </params>
          <reporter-output>
          </reporter-output>
        </test-method> <!-- Test1 -->
      </class> <!-- org.test.Sample -->
    </test> <!-- test2 -->
  </suite> <!-- Suite -->
</testng-results>
